2022-08-03 15:48:32,669: INFO: +++++++++++++++Test_HomePageTitle+++++++++++++++++
2022-08-03 15:48:32,669: INFO: +++++++++++++++verifyinghomepage+++++++++++++++++
2022-08-03 15:48:38,799: INFO: +++++++++++++++Test_HomePageTitle is passed+++++++++++++++++
2022-08-03 15:48:45,191: ERROR: +++++++++++++++test login started+++++++++++++++++
2022-08-03 15:48:54,774: INFO: +++++++++++++++Test_login is passed+++++++++++++++++
2022-08-03 21:04:33,200: INFO: +++++++++++++++Test_HomePageTitle+++++++++++++++++
2022-08-03 21:04:33,352: INFO: +++++++++++++++verifyinghomepage+++++++++++++++++
2022-08-03 21:04:39,294: INFO: +++++++++++++++Test_HomePageTitle is passed+++++++++++++++++
2022-08-03 21:04:48,753: INFO: +++++++++++++++test login started+++++++++++++++++
2022-08-03 21:05:06,453: INFO: +++++++++++++++Test_login is passed+++++++++++++++++
2022-08-03 21:07:25,029: INFO: +++++++++++++++Test_HomePageTitle+++++++++++++++++
2022-08-03 21:07:25,029: INFO: +++++++++++++++verifyinghomepage+++++++++++++++++
2022-08-03 21:07:29,083: INFO: +++++++++++++++Test_HomePageTitle is passed+++++++++++++++++
2022-08-03 21:07:38,210: INFO: +++++++++++++++test login started+++++++++++++++++
2022-08-03 21:07:46,503: INFO: +++++++++++++++Test_login is passed+++++++++++++++++
2022-08-03 22:13:14,774: INFO: +++++++++++++++Test_HomePageTitle+++++++++++++++++
2022-08-03 22:13:14,881: INFO: +++++++++++++++verifyinghomepage+++++++++++++++++
2022-08-03 22:13:17,660: INFO: +++++++++++++++Test_HomePageTitle is passed+++++++++++++++++
2022-08-03 22:13:23,994: INFO: +++++++++++++++test login started+++++++++++++++++
2022-08-03 22:13:55,275: INFO: +++++++++++++++Test_login is passed+++++++++++++++++
2022-08-03 22:14:53,324: INFO: +++++++++++++++Test_002_DDT_Login+++++++++++++++++
2022-08-03 22:15:04,056: INFO: +++++++++++++++Test_login is passed+++++++++++++++++
2022-08-03 22:20:51,185: INFO: +++++++++++++++Test_002_DDT_Login+++++++++++++++++
2022-08-03 22:21:06,847: INFO: +++++++++++++++Test_login is passed+++++++++++++++++
2022-08-03 22:23:20,768: INFO: +++++++++++++++Test_002_DDT_Login+++++++++++++++++
2022-08-03 22:23:27,621: INFO: +++++++++++++++Test_login is passed+++++++++++++++++
2022-08-03 22:23:29,510: INFO: +++++++++++++++Test_login is Failed+++++++++++++++++
2022-08-03 22:26:48,301: INFO: +++++++++++++++Test_002_DDT_Login+++++++++++++++++
2022-08-03 22:27:11,623: INFO: +++++++++++++++Test_login is passed+++++++++++++++++
2022-08-03 22:27:13,284: INFO: +++++++++++++++Test_login is Failed+++++++++++++++++
2022-08-03 22:28:22,959: INFO: +++++++++++++++Test_002_DDT_Login+++++++++++++++++
2022-08-03 22:28:26,878: INFO: +++++++++++++++Test_login is passed+++++++++++++++++
2022-08-03 22:28:27,581: INFO: +++++++++++++++Test_login is Failed+++++++++++++++++
2022-08-03 22:31:23,696: INFO: +++++++++++++++Test_002_DDT_Login+++++++++++++++++
2022-08-03 22:34:11,751: INFO: +++++++++++++++Test_002_DDT_Login+++++++++++++++++
2022-08-03 22:34:22,566: INFO: +++++++++++++++Test_login is passed+++++++++++++++++
2022-08-03 22:34:24,198: INFO: +++++++++++++++Test_login is Failed+++++++++++++++++
2022-08-03 22:38:32,421: INFO: +++++++++++++++Test_002_DDT_Login+++++++++++++++++
2022-08-03 22:38:37,471: INFO: +++++++++++++++Test_login is passed+++++++++++++++++
2022-08-03 22:40:58,538: INFO: +++++++++++++++Test_HomePageTitle+++++++++++++++++
2022-08-03 22:40:59,058: INFO: +++++++++++++++verifyinghomepage+++++++++++++++++
2022-08-03 22:41:07,593: INFO: +++++++++++++++Test_HomePageTitle is passed+++++++++++++++++
2022-08-03 22:41:19,683: INFO: +++++++++++++++test login started+++++++++++++++++
2022-08-03 22:41:26,319: INFO: +++++++++++++++Test_login is passed+++++++++++++++++
2022-08-03 22:43:15,292: INFO: +++++++++++++++Test_002_DDT_Login+++++++++++++++++
2022-08-03 22:43:22,419: INFO: +++++++++++++++Test_login is passed+++++++++++++++++
2022-08-03 22:43:29,499: INFO: +++++++++++++++Test_login is Failed+++++++++++++++++
2022-08-03 22:46:44,528: INFO: +++++++++++++++Test_002_DDT_Login+++++++++++++++++
2022-08-03 22:46:59,145: INFO: +++++++++++++++Test_login is passed+++++++++++++++++
2022-08-03 22:47:11,282: INFO: +++++++++++++++Test_login is passed+++++++++++++++++
2022-08-03 22:51:48,733: INFO: +++++++++++++++Test_002_DDT_Login+++++++++++++++++
2022-08-03 22:51:57,722: INFO: +++++++++++++++Test_login is passed+++++++++++++++++
2022-08-03 22:53:36,446: INFO: +++++++++++++++Test_002_DDT_Login+++++++++++++++++
2022-08-03 22:53:55,026: INFO: +++++++++++++++Test_login is passed+++++++++++++++++
2022-08-03 22:55:54,931: INFO: +++++++++++++++Test_002_DDT_Login+++++++++++++++++
2022-08-03 22:56:21,554: INFO: +++++++++++++++Test_login is passed+++++++++++++++++
2022-08-04 10:46:43,753: INFO: +++++++++++++++Test_HomePageTitle+++++++++++++++++
2022-08-04 10:46:43,760: INFO: +++++++++++++++verifyinghomepage+++++++++++++++++
2022-08-04 10:46:52,040: INFO: +++++++++++++++Test_HomePageTitle is passed+++++++++++++++++
2022-08-04 10:47:03,494: INFO: +++++++++++++++test login started+++++++++++++++++
2022-08-04 10:47:14,272: INFO: +++++++++++++++Test_login is passed+++++++++++++++++
2022-08-04 10:51:06,003: INFO: +++++++++++++++Test_002_DDT_Login+++++++++++++++++
2022-08-04 10:51:11,928: INFO: +++++++++++++++Test_login is passed+++++++++++++++++
2022-08-04 10:51:25,567: INFO: +++++++++++++++Test_login is passed+++++++++++++++++
2022-08-04 10:51:31,703: INFO: +++++++++++++++Test_login is passed+++++++++++++++++
2022-08-04 10:51:38,101: ERROR: +++++++++Test is Passed+++++++++
2022-08-04 11:01:09,137: INFO: +++++++++++++++Test_002_DDT_Login+++++++++++++++++
2022-08-04 11:01:13,259: INFO: +++++++++++++++Test_login is passed+++++++++++++++++
2022-08-04 11:01:26,165: INFO: +++++++++++++++Test_login is passed+++++++++++++++++
2022-08-04 11:01:32,382: INFO: +++++++++++++++Test_login is passed+++++++++++++++++
2022-08-04 11:01:39,996: ERROR: +++++++++Test is Passed+++++++++
2022-08-04 11:01:39,996: INFO: ++++++++++Entire Test Is Passed++++++++
2022-08-04 11:08:09,451: INFO: +++++++++++++++Test_002_DDT_Login+++++++++++++++++
2022-08-04 11:08:14,286: INFO: +++++++++++++++Test_login is passed+++++++++++++++++
2022-08-04 11:08:25,694: INFO: +++++++++++++++Test_login is passed+++++++++++++++++
2022-08-04 11:08:31,886: INFO: +++++++++++++++Test_login is passed+++++++++++++++++
2022-08-04 11:08:37,630: INFO: +++++++++Test is Passed+++++++++
2022-08-04 11:08:37,630: INFO: ++++++++++Entire Test Is Passed++++++++
2022-08-04 15:33:38,646: INFO: +++++++++++++++Test_HomePageTitle+++++++++++++++++
2022-08-04 15:33:38,716: INFO: +++++++++++++++verifyinghomepage+++++++++++++++++
2022-08-04 15:33:44,093: INFO: +++++++++++++++Test_HomePageTitle is passed+++++++++++++++++
2022-08-04 15:33:54,104: INFO: +++++++++++++++test checkout started+++++++++++++++++
2022-08-04 15:38:59,230: INFO: +++++++++++++++Test_HomePageTitle+++++++++++++++++
2022-08-04 15:39:00,133: INFO: +++++++++++++++verifyinghomepage+++++++++++++++++
2022-08-04 15:39:06,649: INFO: +++++++++++++++Test_HomePageTitle is passed+++++++++++++++++
2022-08-04 15:39:16,437: INFO: +++++++++++++++test checkout started+++++++++++++++++
2022-08-04 15:44:09,661: INFO: +++++++++++++++Test_HomePageTitle+++++++++++++++++
2022-08-04 15:44:09,776: INFO: +++++++++++++++verifyinghomepage+++++++++++++++++
2022-08-04 15:44:20,308: INFO: +++++++++++++++Test_HomePageTitle is passed+++++++++++++++++
2022-08-04 15:44:28,441: INFO: +++++++++++++++test checkout started+++++++++++++++++
2022-08-04 15:47:50,224: INFO: +++++++++++++++Test_HomePageTitle+++++++++++++++++
2022-08-04 15:47:50,224: INFO: +++++++++++++++verifyinghomepage+++++++++++++++++
2022-08-04 15:47:55,735: INFO: +++++++++++++++Test_HomePageTitle is passed+++++++++++++++++
2022-08-04 15:48:07,126: INFO: +++++++++++++++test checkout started+++++++++++++++++
2022-08-04 15:49:46,299: INFO: +++++++++++++++Test_HomePageTitle+++++++++++++++++
2022-08-04 15:49:46,990: INFO: +++++++++++++++verifyinghomepage+++++++++++++++++
2022-08-04 15:49:57,921: INFO: +++++++++++++++Test_HomePageTitle is passed+++++++++++++++++
2022-08-04 15:50:08,393: INFO: +++++++++++++++test checkout started+++++++++++++++++
2022-08-04 15:54:35,878: INFO: +++++++++++++++Test_HomePageTitle+++++++++++++++++
2022-08-04 15:54:36,286: INFO: +++++++++++++++verifyinghomepage+++++++++++++++++
2022-08-04 15:54:41,813: INFO: +++++++++++++++Test_HomePageTitle is passed+++++++++++++++++
2022-08-04 15:54:54,833: INFO: +++++++++++++++test checkout started+++++++++++++++++
2022-08-04 15:55:15,761: INFO: +++++++++++++++Test_checkout is passed+++++++++++++++++
2022-08-04 15:57:52,228: INFO: +++++++++++++++Test_HomePageTitle+++++++++++++++++
2022-08-04 15:57:52,229: INFO: +++++++++++++++verifyinghomepage+++++++++++++++++
2022-08-04 15:57:59,208: INFO: +++++++++++++++Test_HomePageTitle is passed+++++++++++++++++
2022-08-04 15:58:10,027: INFO: +++++++++++++++test checkout started+++++++++++++++++
2022-08-04 15:58:33,766: INFO: +++++++++++++++Test_checkout is passed+++++++++++++++++
2022-08-04 16:17:15,923: INFO: +++++++++++++++Test_HomePageTitle+++++++++++++++++
2022-08-04 16:17:15,924: INFO: +++++++++++++++verifyinghomepage+++++++++++++++++
2022-08-04 16:17:20,286: INFO: +++++++++++++++Test_HomePageTitle is passed+++++++++++++++++
2022-08-04 16:17:29,038: INFO: +++++++++++++++test checkout started+++++++++++++++++
2022-08-04 16:17:37,295: INFO: +++++++++++++++Test_checkout is passed+++++++++++++++++
2022-08-04 16:18:33,117: INFO: +++++++++++++++Test_HomePageTitle+++++++++++++++++
2022-08-04 16:18:33,117: INFO: +++++++++++++++verifyinghomepage+++++++++++++++++
2022-08-04 16:18:35,266: INFO: +++++++++++++++Test_HomePageTitle is passed+++++++++++++++++
2022-08-04 16:18:43,659: INFO: +++++++++++++++test checkout started+++++++++++++++++
2022-08-04 16:18:57,716: INFO: +++++++++++++++Test_checkout is passed+++++++++++++++++
